<?xml version="1.0" encoding="UTF-8"?>
<!-- Generated by org.testng.reporters.JUnitReportReporter -->
<testsuite hostname="Dipak-PC" name="com.crm.qa.testcases.LoginPageTest" tests="3" failures="0" timestamp="20 Jan 2018 05:02:01 GMT" time="53.281" errors="0">
  <testcase name="LoginPageTitleTest" time="9.632" classname="com.crm.qa.testcases.LoginPageTest"/>
  <testcase name="validateCrmImageTest" time="14.474" classname="com.crm.qa.testcases.LoginPageTest"/>
  <testcase name="loginTest" time="29.175" classname="com.crm.qa.testcases.LoginPageTest"/>
</testsuite> <!-- com.crm.qa.testcases.LoginPageTest -->
